     1                                  bits 32 ; assembling for the 32 bits architecture
     2                                  
     3                                  ; declare the EntryPoint (a label defining the very first instruction of the program)
     4                                  global start        
     5                                  
     6                                  ; declare external functions needed by our program
     7                                  extern exit, printf               ; tell nasm that exit exists even if we won't be defining it
     8                                  import exit msvcrt.dll
     9                                  import printf msvcrt.dll
    10                                  
    11                                  ; our data is declared here (the variables needed by our program)
    12                                  segment data use32 class=data
    13 00000000 416E61202573206172-         f db "Ana %s are %d mere", 0
    13 00000009 65202564206D657265-
    13 00000012 00                 
    14 00000013 506F7000                    n db "Pop", 0
    15                                  
    16                                  ; our code starts here
    17                                  segment code use32 class=code
    18                                      start:
    19                                          ; printf (const char* f, v1, v2, ...)
    20 00000000 6A07                            push 7
    21 00000002 68[13000000]                    push n
    22 00000007 68[00000000]                    push f
    23                                          
    24 0000000C FF15[00000000]                  call [printf]
    25 00000012 83C40C                          add esp, 4*3
    26                                          ; scanf(f, v1, v2, ...)
    27                                          
    28                                          
    29                                          ; exit(0)
    30 00000015 6A00                            push    dword 0      ; push the parameter for exit onto the stack
    31 00000017 FF15[00000000]                  call    [exit]       ; call exit to terminate the program
