[2020-03-31 23:09:15] [info] Start Program:
Path:"E:\\Faculta\\sem 2\\grafuri\\assignment1\\assignment1_cpp\\Debug\\assignment1_cpp.exe"
Arguments:
Working directory: "E:\\Faculta\\sem 2\\grafuri\\assignment1\\assignment1_cpp\\"
Modules: Selected: E:\Faculta\sem 2\grafuri\assignment1\assignment1_cpp\Debug\assignment1_cpp.exe Excluded: 
Sources: Selected: E:\Faculta\sem 2\grafuri\assignment1\assignment1_cpp Excluded: 
Log Level: Normal
Cover Children: 0
Aggregate by file: 1
Continue after C++ exception: 0
Optimized build support: 0
Export: binary C:\Users\User\AppData\Local\Temp\muy33tbe.gq1 
Input coverage: 
Unified diff: 
Excluded line regular expressions: 
Substitute pdb source paths: 

[2020-03-31 23:09:15] [info] Module: E:\Faculta\sem 2\grafuri\assignment1\assignment1_cpp\Debug\assignment1_cpp.exe is selected because it matches selected pattern: E:\Faculta\sem 2\grafuri\assignment1\assignment1_cpp\Debug\assignment1_cpp.exe
[2020-03-31 23:09:15] [info] ----------------------------------------------------
[2020-03-31 23:09:15] [info] Coverage binary generated in file: C:\Users\User\AppData\Local\Temp\muy33tbe.gq1
[2020-03-31 23:09:15] [info] ----------------------------------------------------
