     1                                  bits 32
     2                                  
     3                                  extern fopen
     4                                  extern fclose
     5                                  
     6                                  extern fprintf
     7                                  extern exit
     8                                  
     9                                  import exit msvcrt.dll
    10                                  import fopen msvcrt.dll
    11                                  import fclose msvcrt.dll
    12                                  import fprintf msvcrt.dll
    13                                  
    14                                  global _hexafile
    15                                  
    16                                  segment data public data use32
    17 00000000 257800                      printformat db '%x', 0
    18 00000003 6D61782E74787400        	file_name db "max.txt", 0   
    19 0000000B 7700                    	access_mode db "w", 0   
    20 0000000D FFFFFFFF                	file_descriptor dd -1 
    21 00000011 00000000                	max dd 0
    22                                  
    23                                  segment code public code use32
    24                                  
    25                                      _hexafile:
    26                                  
    27 00000000 55                      		push ebp
    28 00000001 89E5                    		mov ebp,esp
    29 00000003 8B5D08                  		mov ebx, [ebp+8]
    30 00000006 891D[11000000]          		mov [max], ebx
    31                                  
    32 0000000C 68[0B000000]                    push dword access_mode     
    33 00000011 68[03000000]                    push dword file_name
    34 00000016 FF15[00000000]                  call [fopen]
    35 0000001C 83C408                          add esp, 4*2                
    36                                  
    37 0000001F A3[0D000000]                    mov [file_descriptor], eax  
    38 00000024 83F800                  		cmp eax, 0
    39 00000027 7429                            je final
    40                                  
    41 00000029 FF35[11000000]                  push dword[max]
    42 0000002F 68[00000000]                    push printformat
    43 00000034 FF35[0D000000]          		push dword [file_descriptor]
    44 0000003A FF15[00000000]          		call [fprintf]
    45 00000040 83C40C                          add esp, 4*3
    46                                  
    47 00000043 FF35[0D000000]          		push dword [file_descriptor]
    48 00000049 FF15[00000000]                  call [fclose]
    49 0000004F 83C404                          add esp, 4
    50                                  
    51                                        final:
    52 00000052 89EC                            mov esp,ebp
    53 00000054 5D                      		pop ebp
    54 00000055 C3                      		ret
    55                                          
